<?xml version="1.0" encoding="UTF-8"?>
<!-- Generated by org.testng.reporters.JUnitReportReporter -->
<testsuite hostname="DESKTOP-PQ3SD9G" failures="0" tests="1" name="trellotesting.EndToEndTesting" time="166.295" errors="0" timestamp="2023-02-23T18:26:29 IST" skipped="0">
  <testcase classname="trellotesting.EndToEndTesting" name="testCase_01" time="166.295"/>
  <system-out>
    <![CDATA[Pass: Log in page is Displayed
Pass: Board page is displayed
Pass: Create board page is displayed
Pass: Logout of your atlasian account Page is displayed]]>
  </system-out>
</testsuite> <!-- trellotesting.EndToEndTesting -->
